Info: Starting: Create block symbol file (.bsf)
Info: qsys-generate C:\Users\katja\Documents\ECE3073\Project\niosII_ms2HW.qsys --block-symbol-file --output-directory=C:\Users\katja\Documents\ECE3073\Project\niosII_ms2HW --family="MAX 10" --part=10M50DAF484C7G
Progress: Loading Project/niosII_ms2HW.qsys
Progress: Reading input file
Progress: Adding CLK [clock_source 18.1]
Progress: Parameterizing module CLK
Progress: Adding HexDisplays2to0 [altera_avalon_pio 18.1]
Progress: Parameterizing module HexDisplays2to0
Progress: Adding HexDisplays5to3 [altera_avalon_pio 18.1]
Progress: Parameterizing module HexDisplays5to3
Progress: Adding KEY_IN [altera_avalon_pio 18.1]
Progress: Parameterizing module KEY_IN
Progress: Adding LEDR_OUT [altera_avalon_pio 18.1]
Progress: Parameterizing module LEDR_OUT
Progress: Adding NIOS_MEM [altera_avalon_onchip_memory2 18.1]
Progress: Parameterizing module NIOS_MEM
Progress: Adding NIOS_PROC [altera_nios2_gen2 18.1]
Progress: Parameterizing module NIOS_PROC
Progress: Adding PBUFF_WREN [altera_avalon_pio 18.1]
Progress: Parameterizing module PBUFF_WREN
Progress: Adding PB_ADR [altera_avalon_pio 18.1]
Progress: Parameterizing module PB_ADR
Progress: Adding PB_DATA [altera_avalon_pio 18.1]
Progress: Parameterizing module PB_DATA
Progress: Adding SDRAM [altera_avalon_new_sdram_controller 18.1]
Progress: Parameterizing module SDRAM
Progress: Adding SW_IN [altera_avalon_pio 18.1]
Progress: Parameterizing module SW_IN
Progress: Adding TIMER [altera_avalon_timer 18.1]
Progress: Parameterizing module TIMER
Progress: Adding UART_JTAG [altera_avalon_jtag_uart 18.1]
Progress: Parameterizing module UART_JTAG
Progress: Adding div9_toHW [altera_avalon_pio 18.1]
Progress: Parameterizing module div9_toHW
Progress: Adding div9_toSW [altera_avalon_pio 18.1]
Progress: Parameterizing module div9_toSW
Progress: Building connections
Progress: Parameterizing connections
Progress: Validating
Progress: Done reading input file
Info: niosII_ms2HW.KEY_IN: PIO inputs are not hardwired in test bench. Undefined values will be read from PIO inputs during simulation.
Info: niosII_ms2HW.SDRAM: SDRAM Controller will only be supported in Quartus Prime Standard Edition in the future release.
Info: niosII_ms2HW.SW_IN: PIO inputs are not hardwired in test bench. Undefined values will be read from PIO inputs during simulation.
Info: niosII_ms2HW.UART_JTAG: JTAG UART IP input clock need to be at least double (2x) the operating frequency of JTAG TCK on board
Info: niosII_ms2HW.div9_toSW: PIO inputs are not hardwired in test bench. Undefined values will be read from PIO inputs during simulation.
Info: qsys-generate succeeded.
Info: Finished: Create block symbol file (.bsf)
Info: 
Info: Starting: Create HDL design files for synthesis
Info: qsys-generate C:\Users\katja\Documents\ECE3073\Project\niosII_ms2HW.qsys --synthesis=VERILOG --output-directory=C:\Users\katja\Documents\ECE3073\Project\niosII_ms2HW\synthesis --family="MAX 10" --part=10M50DAF484C7G
Progress: Loading Project/niosII_ms2HW.qsys
Progress: Reading input file
Progress: Adding CLK [clock_source 18.1]
Progress: Parameterizing module CLK
Progress: Adding HexDisplays2to0 [altera_avalon_pio 18.1]
Progress: Parameterizing module HexDisplays2to0
Progress: Adding HexDisplays5to3 [altera_avalon_pio 18.1]
Progress: Parameterizing module HexDisplays5to3
Progress: Adding KEY_IN [altera_avalon_pio 18.1]
Progress: Parameterizing module KEY_IN
Progress: Adding LEDR_OUT [altera_avalon_pio 18.1]
Progress: Parameterizing module LEDR_OUT
Progress: Adding NIOS_MEM [altera_avalon_onchip_memory2 18.1]
Progress: Parameterizing module NIOS_MEM
Progress: Adding NIOS_PROC [altera_nios2_gen2 18.1]
Progress: Parameterizing module NIOS_PROC
Progress: Adding PBUFF_WREN [altera_avalon_pio 18.1]
Progress: Parameterizing module PBUFF_WREN
Progress: Adding PB_ADR [altera_avalon_pio 18.1]
Progress: Parameterizing module PB_ADR
Progress: Adding PB_DATA [altera_avalon_pio 18.1]
Progress: Parameterizing module PB_DATA
Progress: Adding SDRAM [altera_avalon_new_sdram_controller 18.1]
Progress: Parameterizing module SDRAM
Progress: Adding SW_IN [altera_avalon_pio 18.1]
Progress: Parameterizing module SW_IN
Progress: Adding TIMER [altera_avalon_timer 18.1]
Progress: Parameterizing module TIMER
Progress: Adding UART_JTAG [altera_avalon_jtag_uart 18.1]
Progress: Parameterizing module UART_JTAG
Progress: Adding div9_toHW [altera_avalon_pio 18.1]
Progress: Parameterizing module div9_toHW
Progress: Adding div9_toSW [altera_avalon_pio 18.1]
Progress: Parameterizing module div9_toSW
Progress: Building connections
Progress: Parameterizing connections
Progress: Validating
Progress: Done reading input file
Info: niosII_ms2HW.KEY_IN: PIO inputs are not hardwired in test bench. Undefined values will be read from PIO inputs during simulation.
Info: niosII_ms2HW.SDRAM: SDRAM Controller will only be supported in Quartus Prime Standard Edition in the future release.
Info: niosII_ms2HW.SW_IN: PIO inputs are not hardwired in test bench. Undefined values will be read from PIO inputs during simulation.
Info: niosII_ms2HW.UART_JTAG: JTAG UART IP input clock need to be at least double (2x) the operating frequency of JTAG TCK on board
Info: niosII_ms2HW.div9_toSW: PIO inputs are not hardwired in test bench. Undefined values will be read from PIO inputs during simulation.
Info: niosII_ms2HW: Generating niosII_ms2HW "niosII_ms2HW" for QUARTUS_SYNTH
Info: HexDisplays2to0: Starting RTL generation for module 'niosII_ms2HW_HexDisplays2to0'
Info: HexDisplays2to0:   Generation command is [exec C:/intelfpga_lite/18.1/quartus/bin64/perl/bin/perl.exe -I C:/intelfpga_lite/18.1/quartus/bin64/perl/lib -I C:/intelfpga_lite/18.1/quartus/sopc_builder/bin/europa -I C:/intelfpga_lite/18.1/quartus/sopc_builder/bin/perl_lib -I C:/intelfpga_lite/18.1/quartus/sopc_builder/bin -I C:/intelfpga_lite/18.1/quartus/../ip/altera/sopc_builder_ip/common -I C:/intelfpga_lite/18.1/quartus/../ip/altera/sopc_builder_ip/altera_avalon_pio -- C:/intelfpga_lite/18.1/quartus/../ip/altera/sopc_builder_ip/altera_avalon_pio/generate_rtl.pl --name=niosII_ms2HW_HexDisplays2to0 --dir=C:/Users/katja/AppData/Local/Temp/alt9856_2645653783863086650.dir/0002_HexDisplays2to0_gen/ --quartus_dir=C:/intelfpga_lite/18.1/quartus --verilog --config=C:/Users/katja/AppData/Local/Temp/alt9856_2645653783863086650.dir/0002_HexDisplays2to0_gen//niosII_ms2HW_HexDisplays2to0_component_configuration.pl  --do_build_sim=0  ]
Info: HexDisplays2to0: Done RTL generation for module 'niosII_ms2HW_HexDisplays2to0'
Info: HexDisplays2to0: "niosII_ms2HW" instantiated altera_avalon_pio "HexDisplays2to0"
Info: KEY_IN: Starting RTL generation for module 'niosII_ms2HW_KEY_IN'
Info: KEY_IN:   Generation command is [exec C:/intelfpga_lite/18.1/quartus/bin64/perl/bin/perl.exe -I C:/intelfpga_lite/18.1/quartus/bin64/perl/lib -I C:/intelfpga_lite/18.1/quartus/sopc_builder/bin/europa -I C:/intelfpga_lite/18.1/quartus/sopc_builder/bin/perl_lib -I C:/intelfpga_lite/18.1/quartus/sopc_builder/bin -I C:/intelfpga_lite/18.1/quartus/../ip/altera/sopc_builder_ip/common -I C:/intelfpga_lite/18.1/quartus/../ip/altera/sopc_builder_ip/altera_avalon_pio -- C:/intelfpga_lite/18.1/quartus/../ip/altera/sopc_builder_ip/altera_avalon_pio/generate_rtl.pl --name=niosII_ms2HW_KEY_IN --dir=C:/Users/katja/AppData/Local/Temp/alt9856_2645653783863086650.dir/0003_KEY_IN_gen/ --quartus_dir=C:/intelfpga_lite/18.1/quartus --verilog --config=C:/Users/katja/AppData/Local/Temp/alt9856_2645653783863086650.dir/0003_KEY_IN_gen//niosII_ms2HW_KEY_IN_component_configuration.pl  --do_build_sim=0  ]
Info: KEY_IN: Done RTL generation for module 'niosII_ms2HW_KEY_IN'
Info: KEY_IN: "niosII_ms2HW" instantiated altera_avalon_pio "KEY_IN"
Info: LEDR_OUT: Starting RTL generation for module 'niosII_ms2HW_LEDR_OUT'
Info: LEDR_OUT:   Generation command is [exec C:/intelfpga_lite/18.1/quartus/bin64/perl/bin/perl.exe -I C:/intelfpga_lite/18.1/quartus/bin64/perl/lib -I C:/intelfpga_lite/18.1/quartus/sopc_builder/bin/europa -I C:/intelfpga_lite/18.1/quartus/sopc_builder/bin/perl_lib -I C:/intelfpga_lite/18.1/quartus/sopc_builder/bin -I C:/intelfpga_lite/18.1/quartus/../ip/altera/sopc_builder_ip/common -I C:/intelfpga_lite/18.1/quartus/../ip/altera/sopc_builder_ip/altera_avalon_pio -- C:/intelfpga_lite/18.1/quartus/../ip/altera/sopc_builder_ip/altera_avalon_pio/generate_rtl.pl --name=niosII_ms2HW_LEDR_OUT --dir=C:/Users/katja/AppData/Local/Temp/alt9856_2645653783863086650.dir/0004_LEDR_OUT_gen/ --quartus_dir=C:/intelfpga_lite/18.1/quartus --verilog --config=C:/Users/katja/AppData/Local/Temp/alt9856_2645653783863086650.dir/0004_LEDR_OUT_gen//niosII_ms2HW_LEDR_OUT_component_configuration.pl  --do_build_sim=0  ]
Info: LEDR_OUT: Done RTL generation for module 'niosII_ms2HW_LEDR_OUT'
Info: LEDR_OUT: "niosII_ms2HW" instantiated altera_avalon_pio "LEDR_OUT"
Info: NIOS_MEM: Starting RTL generation for module 'niosII_ms2HW_NIOS_MEM'
Info: NIOS_MEM:   Generation command is [exec C:/intelfpga_lite/18.1/quartus/bin64/perl/bin/perl.exe -I C:/intelfpga_lite/18.1/quartus/bin64/perl/lib -I C:/intelfpga_lite/18.1/quartus/sopc_builder/bin/europa -I C:/intelfpga_lite/18.1/quartus/sopc_builder/bin/perl_lib -I C:/intelfpga_lite/18.1/quartus/sopc_builder/bin -I C:/intelfpga_lite/18.1/quartus/../ip/altera/sopc_builder_ip/common -I C:/intelfpga_lite/18.1/quartus/../ip/altera/sopc_builder_ip/altera_avalon_onchip_memory2 -- C:/intelfpga_lite/18.1/quartus/../ip/altera/sopc_builder_ip/altera_avalon_onchip_memory2/generate_rtl.pl --name=niosII_ms2HW_NIOS_MEM --dir=C:/Users/katja/AppData/Local/Temp/alt9856_2645653783863086650.dir/0005_NIOS_MEM_gen/ --quartus_dir=C:/intelfpga_lite/18.1/quartus --verilog --config=C:/Users/katja/AppData/Local/Temp/alt9856_2645653783863086650.dir/0005_NIOS_MEM_gen//niosII_ms2HW_NIOS_MEM_component_configuration.pl  --do_build_sim=0  ]
Info: NIOS_MEM: Done RTL generation for module 'niosII_ms2HW_NIOS_MEM'
Info: NIOS_MEM: "niosII_ms2HW" instantiated altera_avalon_onchip_memory2 "NIOS_MEM"
Info: NIOS_PROC: "niosII_ms2HW" instantiated altera_nios2_gen2 "NIOS_PROC"
Info: PBUFF_WREN: Starting RTL generation for module 'niosII_ms2HW_PBUFF_WREN'
Info: PBUFF_WREN:   Generation command is [exec C:/intelfpga_lite/18.1/quartus/bin64/perl/bin/perl.exe -I C:/intelfpga_lite/18.1/quartus/bin64/perl/lib -I C:/intelfpga_lite/18.1/quartus/sopc_builder/bin/europa -I C:/intelfpga_lite/18.1/quartus/sopc_builder/bin/perl_lib -I C:/intelfpga_lite/18.1/quartus/sopc_builder/bin -I C:/intelfpga_lite/18.1/quartus/../ip/altera/sopc_builder_ip/common -I C:/intelfpga_lite/18.1/quartus/../ip/altera/sopc_builder_ip/altera_avalon_pio -- C:/intelfpga_lite/18.1/quartus/../ip/altera/sopc_builder_ip/altera_avalon_pio/generate_rtl.pl --name=niosII_ms2HW_PBUFF_WREN --dir=C:/Users/katja/AppData/Local/Temp/alt9856_2645653783863086650.dir/0006_PBUFF_WREN_gen/ --quartus_dir=C:/intelfpga_lite/18.1/quartus --verilog --config=C:/Users/katja/AppData/Local/Temp/alt9856_2645653783863086650.dir/0006_PBUFF_WREN_gen//niosII_ms2HW_PBUFF_WREN_component_configuration.pl  --do_build_sim=0  ]
Info: PBUFF_WREN: Done RTL generation for module 'niosII_ms2HW_PBUFF_WREN'
Info: PBUFF_WREN: "niosII_ms2HW" instantiated altera_avalon_pio "PBUFF_WREN"
Info: PB_ADR: Starting RTL generation for module 'niosII_ms2HW_PB_ADR'
Info: PB_ADR:   Generation command is [exec C:/intelfpga_lite/18.1/quartus/bin64/perl/bin/perl.exe -I C:/intelfpga_lite/18.1/quartus/bin64/perl/lib -I C:/intelfpga_lite/18.1/quartus/sopc_builder/bin/europa -I C:/intelfpga_lite/18.1/quartus/sopc_builder/bin/perl_lib -I C:/intelfpga_lite/18.1/quartus/sopc_builder/bin -I C:/intelfpga_lite/18.1/quartus/../ip/altera/sopc_builder_ip/common -I C:/intelfpga_lite/18.1/quartus/../ip/altera/sopc_builder_ip/altera_avalon_pio -- C:/intelfpga_lite/18.1/quartus/../ip/altera/sopc_builder_ip/altera_avalon_pio/generate_rtl.pl --name=niosII_ms2HW_PB_ADR --dir=C:/Users/katja/AppData/Local/Temp/alt9856_2645653783863086650.dir/0007_PB_ADR_gen/ --quartus_dir=C:/intelfpga_lite/18.1/quartus --verilog --config=C:/Users/katja/AppData/Local/Temp/alt9856_2645653783863086650.dir/0007_PB_ADR_gen//niosII_ms2HW_PB_ADR_component_configuration.pl  --do_build_sim=0  ]
Info: PB_ADR: Done RTL generation for module 'niosII_ms2HW_PB_ADR'
Info: PB_ADR: "niosII_ms2HW" instantiated altera_avalon_pio "PB_ADR"
Info: PB_DATA: Starting RTL generation for module 'niosII_ms2HW_PB_DATA'
Info: PB_DATA:   Generation command is [exec C:/intelfpga_lite/18.1/quartus/bin64/perl/bin/perl.exe -I C:/intelfpga_lite/18.1/quartus/bin64/perl/lib -I C:/intelfpga_lite/18.1/quartus/sopc_builder/bin/europa -I C:/intelfpga_lite/18.1/quartus/sopc_builder/bin/perl_lib -I C:/intelfpga_lite/18.1/quartus/sopc_builder/bin -I C:/intelfpga_lite/18.1/quartus/../ip/altera/sopc_builder_ip/common -I C:/intelfpga_lite/18.1/quartus/../ip/altera/sopc_builder_ip/altera_avalon_pio -- C:/intelfpga_lite/18.1/quartus/../ip/altera/sopc_builder_ip/altera_avalon_pio/generate_rtl.pl --name=niosII_ms2HW_PB_DATA --dir=C:/Users/katja/AppData/Local/Temp/alt9856_2645653783863086650.dir/0008_PB_DATA_gen/ --quartus_dir=C:/intelfpga_lite/18.1/quartus --verilog --config=C:/Users/katja/AppData/Local/Temp/alt9856_2645653783863086650.dir/0008_PB_DATA_gen//niosII_ms2HW_PB_DATA_component_configuration.pl  --do_build_sim=0  ]
Info: PB_DATA: Done RTL generation for module 'niosII_ms2HW_PB_DATA'
Info: PB_DATA: "niosII_ms2HW" instantiated altera_avalon_pio "PB_DATA"
Info: SDRAM: Starting RTL generation for module 'niosII_ms2HW_SDRAM'
Info: SDRAM:   Generation command is [exec C:/intelfpga_lite/18.1/quartus/bin64/perl/bin/perl.exe -I C:/intelfpga_lite/18.1/quartus/bin64/perl/lib -I C:/intelfpga_lite/18.1/quartus/sopc_builder/bin/europa -I C:/intelfpga_lite/18.1/quartus/sopc_builder/bin/perl_lib -I C:/intelfpga_lite/18.1/quartus/sopc_builder/bin -I C:/intelfpga_lite/18.1/quartus/../ip/altera/sopc_builder_ip/common -I C:/intelfpga_lite/18.1/quartus/../ip/altera/sopc_builder_ip/altera_avalon_new_sdram_controller -- C:/intelfpga_lite/18.1/quartus/../ip/altera/sopc_builder_ip/altera_avalon_new_sdram_controller/generate_rtl.pl --name=niosII_ms2HW_SDRAM --dir=C:/Users/katja/AppData/Local/Temp/alt9856_2645653783863086650.dir/0009_SDRAM_gen/ --quartus_dir=C:/intelfpga_lite/18.1/quartus --verilog --config=C:/Users/katja/AppData/Local/Temp/alt9856_2645653783863086650.dir/0009_SDRAM_gen//niosII_ms2HW_SDRAM_component_configuration.pl  --do_build_sim=0  ]
Info: SDRAM: Done RTL generation for module 'niosII_ms2HW_SDRAM'
Info: SDRAM: "niosII_ms2HW" instantiated altera_avalon_new_sdram_controller "SDRAM"
Info: SW_IN: Starting RTL generation for module 'niosII_ms2HW_SW_IN'
Info: SW_IN:   Generation command is [exec C:/intelfpga_lite/18.1/quartus/bin64/perl/bin/perl.exe -I C:/intelfpga_lite/18.1/quartus/bin64/perl/lib -I C:/intelfpga_lite/18.1/quartus/sopc_builder/bin/europa -I C:/intelfpga_lite/18.1/quartus/sopc_builder/bin/perl_lib -I C:/intelfpga_lite/18.1/quartus/sopc_builder/bin -I C:/intelfpga_lite/18.1/quartus/../ip/altera/sopc_builder_ip/common -I C:/intelfpga_lite/18.1/quartus/../ip/altera/sopc_builder_ip/altera_avalon_pio -- C:/intelfpga_lite/18.1/quartus/../ip/altera/sopc_builder_ip/altera_avalon_pio/generate_rtl.pl --name=niosII_ms2HW_SW_IN --dir=C:/Users/katja/AppData/Local/Temp/alt9856_2645653783863086650.dir/0010_SW_IN_gen/ --quartus_dir=C:/intelfpga_lite/18.1/quartus --verilog --config=C:/Users/katja/AppData/Local/Temp/alt9856_2645653783863086650.dir/0010_SW_IN_gen//niosII_ms2HW_SW_IN_component_configuration.pl  --do_build_sim=0  ]
Info: SW_IN: Done RTL generation for module 'niosII_ms2HW_SW_IN'
Info: SW_IN: "niosII_ms2HW" instantiated altera_avalon_pio "SW_IN"
Info: TIMER: Starting RTL generation for module 'niosII_ms2HW_TIMER'
Info: TIMER:   Generation command is [exec C:/intelFPGA_lite/18.1/quartus/bin64//perl/bin/perl.exe -I C:/intelFPGA_lite/18.1/quartus/bin64//perl/lib -I C:/intelfpga_lite/18.1/quartus/sopc_builder/bin/europa -I C:/intelfpga_lite/18.1/quartus/sopc_builder/bin/perl_lib -I C:/intelfpga_lite/18.1/quartus/sopc_builder/bin -I C:/intelfpga_lite/18.1/quartus/../ip/altera/sopc_builder_ip/common -I C:/intelfpga_lite/18.1/quartus/../ip/altera/sopc_builder_ip/altera_avalon_timer -- C:/intelfpga_lite/18.1/quartus/../ip/altera/sopc_builder_ip/altera_avalon_timer/generate_rtl.pl --name=niosII_ms2HW_TIMER --dir=C:/Users/katja/AppData/Local/Temp/alt9856_2645653783863086650.dir/0011_TIMER_gen/ --quartus_dir=C:/intelfpga_lite/18.1/quartus --verilog --config=C:/Users/katja/AppData/Local/Temp/alt9856_2645653783863086650.dir/0011_TIMER_gen//niosII_ms2HW_TIMER_component_configuration.pl  --do_build_sim=0  ]
Info: TIMER: Done RTL generation for module 'niosII_ms2HW_TIMER'
Info: TIMER: "niosII_ms2HW" instantiated altera_avalon_timer "TIMER"
Info: UART_JTAG: Starting RTL generation for module 'niosII_ms2HW_UART_JTAG'
Info: UART_JTAG:   Generation command is [exec C:/intelfpga_lite/18.1/quartus/bin64/perl/bin/perl.exe -I C:/intelfpga_lite/18.1/quartus/bin64/perl/lib -I C:/intelfpga_lite/18.1/quartus/sopc_builder/bin/europa -I C:/intelfpga_lite/18.1/quartus/sopc_builder/bin/perl_lib -I C:/intelfpga_lite/18.1/quartus/sopc_builder/bin -I C:/intelfpga_lite/18.1/quartus/../ip/altera/sopc_builder_ip/common -I C:/intelfpga_lite/18.1/quartus/../ip/altera/sopc_builder_ip/altera_avalon_jtag_uart -- C:/intelfpga_lite/18.1/quartus/../ip/altera/sopc_builder_ip/altera_avalon_jtag_uart/generate_rtl.pl --name=niosII_ms2HW_UART_JTAG --dir=C:/Users/katja/AppData/Local/Temp/alt9856_2645653783863086650.dir/0012_UART_JTAG_gen/ --quartus_dir=C:/intelfpga_lite/18.1/quartus --verilog --config=C:/Users/katja/AppData/Local/Temp/alt9856_2645653783863086650.dir/0012_UART_JTAG_gen//niosII_ms2HW_UART_JTAG_component_configuration.pl  --do_build_sim=0  ]
Info: UART_JTAG: Done RTL generation for module 'niosII_ms2HW_UART_JTAG'
Info: UART_JTAG: "niosII_ms2HW" instantiated altera_avalon_jtag_uart "UART_JTAG"
Info: div9_toHW: Starting RTL generation for module 'niosII_ms2HW_div9_toHW'
Info: div9_toHW:   Generation command is [exec C:/intelfpga_lite/18.1/quartus/bin64/perl/bin/perl.exe -I C:/intelfpga_lite/18.1/quartus/bin64/perl/lib -I C:/intelfpga_lite/18.1/quartus/sopc_builder/bin/europa -I C:/intelfpga_lite/18.1/quartus/sopc_builder/bin/perl_lib -I C:/intelfpga_lite/18.1/quartus/sopc_builder/bin -I C:/intelfpga_lite/18.1/quartus/../ip/altera/sopc_builder_ip/common -I C:/intelfpga_lite/18.1/quartus/../ip/altera/sopc_builder_ip/altera_avalon_pio -- C:/intelfpga_lite/18.1/quartus/../ip/altera/sopc_builder_ip/altera_avalon_pio/generate_rtl.pl --name=niosII_ms2HW_div9_toHW --dir=C:/Users/katja/AppData/Local/Temp/alt9856_2645653783863086650.dir/0013_div9_toHW_gen/ --quartus_dir=C:/intelfpga_lite/18.1/quartus --verilog --config=C:/Users/katja/AppData/Local/Temp/alt9856_2645653783863086650.dir/0013_div9_toHW_gen//niosII_ms2HW_div9_toHW_component_configuration.pl  --do_build_sim=0  ]
Info: div9_toHW: Done RTL generation for module 'niosII_ms2HW_div9_toHW'
Info: div9_toHW: "niosII_ms2HW" instantiated altera_avalon_pio "div9_toHW"
Info: div9_toSW: Starting RTL generation for module 'niosII_ms2HW_div9_toSW'
Info: div9_toSW:   Generation command is [exec C:/intelfpga_lite/18.1/quartus/bin64/perl/bin/perl.exe -I C:/intelfpga_lite/18.1/quartus/bin64/perl/lib -I C:/intelfpga_lite/18.1/quartus/sopc_builder/bin/europa -I C:/intelfpga_lite/18.1/quartus/sopc_builder/bin/perl_lib -I C:/intelfpga_lite/18.1/quartus/sopc_builder/bin -I C:/intelfpga_lite/18.1/quartus/../ip/altera/sopc_builder_ip/common -I C:/intelfpga_lite/18.1/quartus/../ip/altera/sopc_builder_ip/altera_avalon_pio -- C:/intelfpga_lite/18.1/quartus/../ip/altera/sopc_builder_ip/altera_avalon_pio/generate_rtl.pl --name=niosII_ms2HW_div9_toSW --dir=C:/Users/katja/AppData/Local/Temp/alt9856_2645653783863086650.dir/0014_div9_toSW_gen/ --quartus_dir=C:/intelfpga_lite/18.1/quartus --verilog --config=C:/Users/katja/AppData/Local/Temp/alt9856_2645653783863086650.dir/0014_div9_toSW_gen//niosII_ms2HW_div9_toSW_component_configuration.pl  --do_build_sim=0  ]
Info: div9_toSW: Done RTL generation for module 'niosII_ms2HW_div9_toSW'
Info: div9_toSW: "niosII_ms2HW" instantiated altera_avalon_pio "div9_toSW"
Info: avalon_st_adapter: Inserting error_adapter: error_adapter_0
Info: avalon_st_adapter_001: Inserting error_adapter: error_adapter_0
Info: avalon_st_adapter_002: Inserting error_adapter: error_adapter_0
Info: avalon_st_adapter_003: Inserting error_adapter: error_adapter_0
Info: avalon_st_adapter_004: Inserting error_adapter: error_adapter_0
Info: avalon_st_adapter_005: Inserting error_adapter: error_adapter_0
Info: avalon_st_adapter_006: Inserting error_adapter: error_adapter_0
Info: avalon_st_adapter_007: Inserting error_adapter: error_adapter_0
Info: avalon_st_adapter_008: Inserting error_adapter: error_adapter_0
Info: avalon_st_adapter_009: Inserting error_adapter: error_adapter_0
Info: avalon_st_adapter_010: Inserting error_adapter: error_adapter_0
Info: avalon_st_adapter_011: Inserting error_adapter: error_adapter_0
Info: avalon_st_adapter_012: Inserting error_adapter: error_adapter_0
Info: avalon_st_adapter_013: Inserting error_adapter: error_adapter_0
Info: avalon_st_adapter_014: Inserting error_adapter: error_adapter_0
Info: mm_interconnect_0: "niosII_ms2HW" instantiated altera_mm_interconnect "mm_interconnect_0"
Info: irq_mapper: "niosII_ms2HW" instantiated altera_irq_mapper "irq_mapper"
Info: rst_controller: "niosII_ms2HW" instantiated altera_reset_controller "rst_controller"
Info: cpu: Starting RTL generation for module 'niosII_ms2HW_NIOS_PROC_cpu'
Info: cpu:   Generation command is [exec C:/intelFPGA_lite/18.1/quartus/bin64//eperlcmd.exe -I C:/intelFPGA_lite/18.1/quartus/bin64//perl/lib -I C:/intelfpga_lite/18.1/quartus/sopc_builder/bin/europa -I C:/intelfpga_lite/18.1/quartus/sopc_builder/bin/perl_lib -I C:/intelfpga_lite/18.1/quartus/sopc_builder/bin -I C:/intelfpga_lite/18.1/quartus/../ip/altera/nios2_ip/altera_nios2_gen2/cpu_lib -I C:/intelfpga_lite/18.1/quartus/../ip/altera/nios2_ip/altera_nios2_gen2/nios_lib -I C:/intelfpga_lite/18.1/quartus/../ip/altera/nios2_ip/altera_nios2_gen2 -I C:/intelfpga_lite/18.1/quartus/../ip/altera/nios2_ip/altera_nios2_gen2 -- C:/intelfpga_lite/18.1/quartus/../ip/altera/nios2_ip/altera_nios2_gen2/generate_rtl.epl --name=niosII_ms2HW_NIOS_PROC_cpu --dir=C:/Users/katja/AppData/Local/Temp/alt9856_2645653783863086650.dir/0017_cpu_gen/ --quartus_bindir=C:/intelFPGA_lite/18.1/quartus/bin64/ --verilog --config=C:/Users/katja/AppData/Local/Temp/alt9856_2645653783863086650.dir/0017_cpu_gen//niosII_ms2HW_NIOS_PROC_cpu_processor_configuration.pl  --do_build_sim=0  ]
Info: cpu: # 2024.05.13 16:28:38 (*) Starting Nios II generation
Info: cpu: # 2024.05.13 16:28:38 (*)   Checking for plaintext license.
Info: cpu: # 2024.05.13 16:28:39 (*)   Plaintext license not found.
Info: cpu: # 2024.05.13 16:28:39 (*)   Checking for encrypted license (non-evaluation).
Info: cpu: # 2024.05.13 16:28:40 (*)   Encrypted license found.  SOF will not be time-limited.
Info: cpu: # 2024.05.13 16:28:40 (*)   Elaborating CPU configuration settings
Info: cpu: # 2024.05.13 16:28:41 (*)   Creating all objects for CPU
Info: cpu: # 2024.05.13 16:28:41 (*)     Testbench
Info: cpu: # 2024.05.13 16:28:41 (*)     Instruction decoding
Info: cpu: # 2024.05.13 16:28:41 (*)       Instruction fields
Info: cpu: # 2024.05.13 16:28:41 (*)       Instruction decodes
Info: cpu: # 2024.05.13 16:28:42 (*)       Signals for RTL simulation waveforms
Info: cpu: # 2024.05.13 16:28:42 (*)       Instruction controls
Info: cpu: # 2024.05.13 16:28:42 (*)     Pipeline frontend
Info: cpu: # 2024.05.13 16:28:42 (*)     Pipeline backend
Info: cpu: # 2024.05.13 16:28:47 (*)   Generating RTL from CPU objects
Info: cpu: # 2024.05.13 16:28:50 (*)   Creating encrypted RTL
Info: cpu: # 2024.05.13 16:28:52 (*) Done Nios II generation
Info: cpu: Done RTL generation for module 'niosII_ms2HW_NIOS_PROC_cpu'
Info: cpu: "NIOS_PROC" instantiated altera_nios2_gen2_unit "cpu"
Info: NIOS_PROC_data_master_translator: "mm_interconnect_0" instantiated altera_merlin_master_translator "NIOS_PROC_data_master_translator"
Info: UART_JTAG_avalon_jtag_slave_translator: "mm_interconnect_0" instantiated altera_merlin_slave_translator "UART_JTAG_avalon_jtag_slave_translator"
Info: NIOS_PROC_data_master_agent: "mm_interconnect_0" instantiated altera_merlin_master_agent "NIOS_PROC_data_master_agent"
Info: UART_JTAG_avalon_jtag_slave_agent: "mm_interconnect_0" instantiated altera_merlin_slave_agent "UART_JTAG_avalon_jtag_slave_agent"
Info: UART_JTAG_avalon_jtag_slave_agent_rsp_fifo: "mm_interconnect_0" instantiated altera_avalon_sc_fifo "UART_JTAG_avalon_jtag_slave_agent_rsp_fifo"
Info: router: "mm_interconnect_0" instantiated altera_merlin_router "router"
Info: router_001: "mm_interconnect_0" instantiated altera_merlin_router "router_001"
Info: router_002: "mm_interconnect_0" instantiated altera_merlin_router "router_002"
Info: router_003: "mm_interconnect_0" instantiated altera_merlin_router "router_003"
Info: router_011: "mm_interconnect_0" instantiated altera_merlin_router "router_011"
Info: NIOS_PROC_data_master_limiter: "mm_interconnect_0" instantiated altera_merlin_traffic_limiter "NIOS_PROC_data_master_limiter"
Info: Reusing file C:/Users/katja/Documents/ECE3073/Project/niosII_ms2HW/synthesis/submodules/altera_avalon_sc_fifo.v
Info: SDRAM_s1_burst_adapter: "mm_interconnect_0" instantiated altera_merlin_burst_adapter "SDRAM_s1_burst_adapter"
Info: Reusing file C:/Users/katja/Documents/ECE3073/Project/niosII_ms2HW/synthesis/submodules/altera_avalon_st_pipeline_base.v
Info: cmd_demux: "mm_interconnect_0" instantiated altera_merlin_demultiplexer "cmd_demux"
Info: cmd_demux_001: "mm_interconnect_0" instantiated altera_merlin_demultiplexer "cmd_demux_001"
Info: cmd_mux: "mm_interconnect_0" instantiated altera_merlin_multiplexer "cmd_mux"
Info: cmd_mux_001: "mm_interconnect_0" instantiated altera_merlin_multiplexer "cmd_mux_001"
Info: Reusing file C:/Users/katja/Documents/ECE3073/Project/niosII_ms2HW/synthesis/submodules/altera_merlin_arbitrator.sv
Info: rsp_demux: "mm_interconnect_0" instantiated altera_merlin_demultiplexer "rsp_demux"
Info: rsp_demux_001: "mm_interconnect_0" instantiated altera_merlin_demultiplexer "rsp_demux_001"
Info: rsp_mux: "mm_interconnect_0" instantiated altera_merlin_multiplexer "rsp_mux"
Info: Reusing file C:/Users/katja/Documents/ECE3073/Project/niosII_ms2HW/synthesis/submodules/altera_merlin_arbitrator.sv
Info: rsp_mux_001: "mm_interconnect_0" instantiated altera_merlin_multiplexer "rsp_mux_001"
Info: Reusing file C:/Users/katja/Documents/ECE3073/Project/niosII_ms2HW/synthesis/submodules/altera_merlin_arbitrator.sv
Info: SDRAM_s1_rsp_width_adapter: "mm_interconnect_0" instantiated altera_merlin_width_adapter "SDRAM_s1_rsp_width_adapter"
Info: Reusing file C:/Users/katja/Documents/ECE3073/Project/niosII_ms2HW/synthesis/submodules/altera_merlin_address_alignment.sv
Info: Reusing file C:/Users/katja/Documents/ECE3073/Project/niosII_ms2HW/synthesis/submodules/altera_merlin_burst_uncompressor.sv
Info: avalon_st_adapter: "mm_interconnect_0" instantiated altera_avalon_st_adapter "avalon_st_adapter"
Info: avalon_st_adapter_009: "mm_interconnect_0" instantiated altera_avalon_st_adapter "avalon_st_adapter_009"
Info: error_adapter_0: "avalon_st_adapter" instantiated error_adapter "error_adapter_0"
Info: error_adapter_0: "avalon_st_adapter_009" instantiated error_adapter "error_adapter_0"
Info: niosII_ms2HW: Done "niosII_ms2HW" with 44 modules, 71 files
Info: qsys-generate succeeded.
Info: Finished: Create HDL design files for synthesis
