16:47:43 **** Clean-only build of configuration Nios II for project project_main ****
make clean 
[project_main clean complete]
16:47:49 **** Build of configuration Nios II for project project_main ****
make all 
Info: Building ../project_main_bsp/
C:/intelFPGA_lite/18.1/nios2eds/bin/gnu/H-x86_64-mingw32/bin/make --no-print-directory -C ../project_main_bsp/
[BSP build complete]
Info: Compiling main.c to obj/default/main.o
nios2-elf-gcc -xc -MP -MMD -c -I../project_main_bsp//HAL/inc -I../project_main_bsp/ -I../project_main_bsp//drivers/inc  -pipe -D__hal__ -DALT_NO_C_PLUS_PLUS -DALT_NO_CLEAN_EXIT -D'exit(a)=_exit(a)' -DALT_NO_EXIT -DALT_USE_DIRECT_DRIVERS -DALT_NO_INSTRUCTION_EMULATION -DALT_USE_SMALL_DRIVERS -DSMALL_C_LIB -DALT_SINGLE_THREADED    -Os -g -Wall   -mno-hw-div -mhw-mul -mno-hw-mulx -mgpopt=global  -o obj/default/main.o main.c
Info: Linking project_main.elf
nios2-elf-g++  -T'../project_main_bsp//linker.x' -msys-crt0='../project_main_bsp//obj/HAL/src/crt0.o' -msys-lib=hal_bsp -L../project_main_bsp/  -msmallc  -Wl,-Map=project_main.map   -Os -g -Wall   -mno-hw-div -mhw-mul -mno-hw-mulx -mgpopt=global  -o project_main.elf obj/default/main.o -lm -msys-lib=m
nios2-elf-insert project_main.elf --thread_model hal --cpu_name NIOS_PROC --qsys true --simulation_enabled false --stderr_dev UART_JTAG --stdin_dev UART_JTAG --stdout_dev UART_JTAG --sopc_system_name niosII_processor --quartus_project_dir "C:/Users/katja/Documents/ECE3073/Project" --jdi ../..//output_files/ece3073project.jdi --sopcinfo C:/Users/katja/Documents/ECE3073/Project/software/project_main_bsp/../../niosII_processor.sopcinfo
Info: (project_main.elf) 1388 Bytes program size (code + initialized data).
Info:                    32767 KBytes free for stack + heap.
Info: Creating project_main.objdump
nios2-elf-objdump --disassemble --syms --all-header --source project_main.elf >project_main.objdump
[project_main build complete]
16:47:51 **** Incremental Build of configuration Nios II for project project_main_bsp ****
make all 
[BSP build complete]
16:48:00 **** Incremental Build of configuration Nios II for project project_main ****
make all 
Info: Building ../project_main_bsp/
C:/intelFPGA_lite/18.1/nios2eds/bin/gnu/H-x86_64-mingw32/bin/make --no-print-directory -C ../project_main_bsp/
[BSP build complete]
[project_main build complete]
16:49:09 **** Incremental Build of configuration Nios II for project project_main ****
make all 
Info: Building ../project_main_bsp/
C:/intelFPGA_lite/18.1/nios2eds/bin/gnu/H-x86_64-mingw32/bin/make --no-print-directory -C ../project_main_bsp/
[BSP build complete]
[project_main build complete]
16:52:47 **** Incremental Build of configuration Nios II for project project_main ****
make all 
Info: Building ../project_main_bsp/
C:/intelFPGA_lite/18.1/nios2eds/bin/gnu/H-x86_64-mingw32/bin/make --no-print-directory -C ../project_main_bsp/
[BSP build complete]
Info: Compiling main.c to obj/default/main.o
nios2-elf-gcc -xc -MP -MMD -c -I../project_main_bsp//HAL/inc -I../project_main_bsp/ -I../project_main_bsp//drivers/inc  -pipe -D__hal__ -DALT_NO_C_PLUS_PLUS -DALT_NO_CLEAN_EXIT -D'exit(a)=_exit(a)' -DALT_NO_EXIT -DALT_USE_DIRECT_DRIVERS -DALT_NO_INSTRUCTION_EMULATION -DALT_USE_SMALL_DRIVERS -DSMALL_C_LIB -DALT_SINGLE_THREADED    -Os -g -Wall   -mno-hw-div -mhw-mul -mno-hw-mulx -mgpopt=global  -o obj/default/main.o main.c
Info: Linking project_main.elf
nios2-elf-g++  -T'../project_main_bsp//linker.x' -msys-crt0='../project_main_bsp//obj/HAL/src/crt0.o' -msys-lib=hal_bsp -L../project_main_bsp/  -msmallc  -Wl,-Map=project_main.map   -Os -g -Wall   -mno-hw-div -mhw-mul -mno-hw-mulx -mgpopt=global  -o project_main.elf obj/default/main.o -lm -msys-lib=m
nios2-elf-insert project_main.elf --thread_model hal --cpu_name NIOS_PROC --qsys true --simulation_enabled false --stderr_dev UART_JTAG --stdin_dev UART_JTAG --stdout_dev UART_JTAG --sopc_system_name niosII_processor --quartus_project_dir "C:/Users/katja/Documents/ECE3073/Project" --jdi ../..//output_files/ece3073project.jdi --sopcinfo C:/Users/katja/Documents/ECE3073/Project/software/project_main_bsp/../../niosII_processor.sopcinfo
Info: (project_main.elf) 1372 Bytes program size (code + initialized data).
Info:                    32767 KBytes free for stack + heap.
Info: Creating project_main.objdump
nios2-elf-objdump --disassemble --syms --all-header --source project_main.elf >project_main.objdump
[project_main build complete]
16:55:00 **** Incremental Build of configuration Nios II for project project_main ****
make all 
Info: Building ../project_main_bsp/
C:/intelFPGA_lite/18.1/nios2eds/bin/gnu/H-x86_64-mingw32/bin/make --no-print-directory -C ../project_main_bsp/
[BSP build complete]
Info: Compiling main.c to obj/default/main.o
nios2-elf-gcc -xc -MP -MMD -c -I../project_main_bsp//HAL/inc -I../project_main_bsp/ -I../project_main_bsp//drivers/inc  -pipe -D__hal__ -DALT_NO_C_PLUS_PLUS -DALT_NO_CLEAN_EXIT -D'exit(a)=_exit(a)' -DALT_NO_EXIT -DALT_USE_DIRECT_DRIVERS -DALT_NO_INSTRUCTION_EMULATION -DALT_USE_SMALL_DRIVERS -DSMALL_C_LIB -DALT_SINGLE_THREADED    -Os -g -Wall   -mno-hw-div -mhw-mul -mno-hw-mulx -mgpopt=global  -o obj/default/main.o main.c
Info: Linking project_main.elf
nios2-elf-g++  -T'../project_main_bsp//linker.x' -msys-crt0='../project_main_bsp//obj/HAL/src/crt0.o' -msys-lib=hal_bsp -L../project_main_bsp/  -msmallc  -Wl,-Map=project_main.map   -Os -g -Wall   -mno-hw-div -mhw-mul -mno-hw-mulx -mgpopt=global  -o project_main.elf obj/default/main.o -lm -msys-lib=m
nios2-elf-insert project_main.elf --thread_model hal --cpu_name NIOS_PROC --qsys true --simulation_enabled false --stderr_dev UART_JTAG --stdin_dev UART_JTAG --stdout_dev UART_JTAG --sopc_system_name niosII_processor --quartus_project_dir "C:/Users/katja/Documents/ECE3073/Project" --jdi ../..//output_files/ece3073project.jdi --sopcinfo C:/Users/katja/Documents/ECE3073/Project/software/project_main_bsp/../../niosII_processor.sopcinfo
Info: (project_main.elf) 1368 Bytes program size (code + initialized data).
Info:                    32767 KBytes free for stack + heap.
Info: Creating project_main.objdump
nios2-elf-objdump --disassemble --syms --all-header --source project_main.elf >project_main.objdump
[project_main build complete]
16:55:31 **** Incremental Build of configuration Nios II for project project_main ****
make all 
Info: Building ../project_main_bsp/
C:/intelFPGA_lite/18.1/nios2eds/bin/gnu/H-x86_64-mingw32/bin/make --no-print-directory -C ../project_main_bsp/
[BSP build complete]
Info: Compiling main.c to obj/default/main.o
nios2-elf-gcc -xc -MP -MMD -c -I../project_main_bsp//HAL/inc -I../project_main_bsp/ -I../project_main_bsp//drivers/inc  -pipe -D__hal__ -DALT_NO_C_PLUS_PLUS -DALT_NO_CLEAN_EXIT -D'exit(a)=_exit(a)' -DALT_NO_EXIT -DALT_USE_DIRECT_DRIVERS -DALT_NO_INSTRUCTION_EMULATION -DALT_USE_SMALL_DRIVERS -DSMALL_C_LIB -DALT_SINGLE_THREADED    -Os -g -Wall   -mno-hw-div -mhw-mul -mno-hw-mulx -mgpopt=global  -o obj/default/main.o main.c
Info: Linking project_main.elf
nios2-elf-g++  -T'../project_main_bsp//linker.x' -msys-crt0='../project_main_bsp//obj/HAL/src/crt0.o' -msys-lib=hal_bsp -L../project_main_bsp/  -msmallc  -Wl,-Map=project_main.map   -Os -g -Wall   -mno-hw-div -mhw-mul -mno-hw-mulx -mgpopt=global  -o project_main.elf obj/default/main.o -lm -msys-lib=m
nios2-elf-insert project_main.elf --thread_model hal --cpu_name NIOS_PROC --qsys true --simulation_enabled false --stderr_dev UART_JTAG --stdin_dev UART_JTAG --stdout_dev UART_JTAG --sopc_system_name niosII_processor --quartus_project_dir "C:/Users/katja/Documents/ECE3073/Project" --jdi ../..//output_files/ece3073project.jdi --sopcinfo C:/Users/katja/Documents/ECE3073/Project/software/project_main_bsp/../../niosII_processor.sopcinfo
Info: (project_main.elf) 1364 Bytes program size (code + initialized data).
Info:                    32767 KBytes free for stack + heap.
Info: Creating project_main.objdump
nios2-elf-objdump --disassemble --syms --all-header --source project_main.elf >project_main.objdump
[project_main build complete]
16:57:18 **** Incremental Build of configuration Nios II for project project_main ****
make all 
Info: Building ../project_main_bsp/
C:/intelFPGA_lite/18.1/nios2eds/bin/gnu/H-x86_64-mingw32/bin/make --no-print-directory -C ../project_main_bsp/
[BSP build complete]
Info: Compiling main.c to obj/default/main.o
nios2-elf-gcc -xc -MP -MMD -c -I../project_main_bsp//HAL/inc -I../project_main_bsp/ -I../project_main_bsp//drivers/inc  -pipe -D__hal__ -DALT_NO_C_PLUS_PLUS -DALT_NO_CLEAN_EXIT -D'exit(a)=_exit(a)' -DALT_NO_EXIT -DALT_USE_DIRECT_DRIVERS -DALT_NO_INSTRUCTION_EMULATION -DALT_USE_SMALL_DRIVERS -DSMALL_C_LIB -DALT_SINGLE_THREADED    -Os -g -Wall   -mno-hw-div -mhw-mul -mno-hw-mulx -mgpopt=global  -o obj/default/main.o main.c
Info: Linking project_main.elf
nios2-elf-g++  -T'../project_main_bsp//linker.x' -msys-crt0='../project_main_bsp//obj/HAL/src/crt0.o' -msys-lib=hal_bsp -L../project_main_bsp/  -msmallc  -Wl,-Map=project_main.map   -Os -g -Wall   -mno-hw-div -mhw-mul -mno-hw-mulx -mgpopt=global  -o project_main.elf obj/default/main.o -lm -msys-lib=m
nios2-elf-insert project_main.elf --thread_model hal --cpu_name NIOS_PROC --qsys true --simulation_enabled false --stderr_dev UART_JTAG --stdin_dev UART_JTAG --stdout_dev UART_JTAG --sopc_system_name niosII_processor --quartus_project_dir "C:/Users/katja/Documents/ECE3073/Project" --jdi ../..//output_files/ece3073project.jdi --sopcinfo C:/Users/katja/Documents/ECE3073/Project/software/project_main_bsp/../../niosII_processor.sopcinfo
Info: (project_main.elf) 1324 Bytes program size (code + initialized data).
Info:                    32767 KBytes free for stack + heap.
Info: Creating project_main.objdump
nios2-elf-objdump --disassemble --syms --all-header --source project_main.elf >project_main.objdump
[project_main build complete]
16:59:48 **** Incremental Build of configuration Nios II for project project_main ****
make all 
Info: Building ../project_main_bsp/
C:/intelFPGA_lite/18.1/nios2eds/bin/gnu/H-x86_64-mingw32/bin/make --no-print-directory -C ../project_main_bsp/
[BSP build complete]
[project_main build complete]
17:00:40 **** Incremental Build of configuration Nios II for project project_main ****
make all 
Info: Building ../project_main_bsp/
C:/intelFPGA_lite/18.1/nios2eds/bin/gnu/H-x86_64-mingw32/bin/make --no-print-directory -C ../project_main_bsp/
[BSP build complete]
Info: Compiling main.c to obj/default/main.o
nios2-elf-gcc -xc -MP -MMD -c -I../project_main_bsp//HAL/inc -I../project_main_bsp/ -I../project_main_bsp//drivers/inc  -pipe -D__hal__ -DALT_NO_C_PLUS_PLUS -DALT_NO_CLEAN_EXIT -D'exit(a)=_exit(a)' -DALT_NO_EXIT -DALT_USE_DIRECT_DRIVERS -DALT_NO_INSTRUCTION_EMULATION -DALT_USE_SMALL_DRIVERS -DSMALL_C_LIB -DALT_SINGLE_THREADED    -Os -g -Wall   -mno-hw-div -mhw-mul -mno-hw-mulx -mgpopt=global  -o obj/default/main.o main.c
Info: Linking project_main.elf
nios2-elf-g++  -T'../project_main_bsp//linker.x' -msys-crt0='../project_main_bsp//obj/HAL/src/crt0.o' -msys-lib=hal_bsp -L../project_main_bsp/  -msmallc  -Wl,-Map=project_main.map   -Os -g -Wall   -mno-hw-div -mhw-mul -mno-hw-mulx -mgpopt=global  -o project_main.elf obj/default/main.o -lm -msys-lib=m
nios2-elf-insert project_main.elf --thread_model hal --cpu_name NIOS_PROC --qsys true --simulation_enabled false --stderr_dev UART_JTAG --stdin_dev UART_JTAG --stdout_dev UART_JTAG --sopc_system_name niosII_processor --quartus_project_dir "C:/Users/katja/Documents/ECE3073/Project" --jdi ../..//output_files/ece3073project.jdi --sopcinfo C:/Users/katja/Documents/ECE3073/Project/software/project_main_bsp/../../niosII_processor.sopcinfo
Info: (project_main.elf) 1316 Bytes program size (code + initialized data).
Info:                    32767 KBytes free for stack + heap.
Info: Creating project_main.objdump
nios2-elf-objdump --disassemble --syms --all-header --source project_main.elf >project_main.objdump
[project_main build complete]
17:01:12 **** Incremental Build of configuration Nios II for project project_main ****
make all 
Info: Building ../project_main_bsp/
C:/intelFPGA_lite/18.1/nios2eds/bin/gnu/H-x86_64-mingw32/bin/make --no-print-directory -C ../project_main_bsp/
[BSP build complete]
Info: Compiling main.c to obj/default/main.o
nios2-elf-gcc -xc -MP -MMD -c -I../project_main_bsp//HAL/inc -I../project_main_bsp/ -I../project_main_bsp//drivers/inc  -pipe -D__hal__ -DALT_NO_C_PLUS_PLUS -DALT_NO_CLEAN_EXIT -D'exit(a)=_exit(a)' -DALT_NO_EXIT -DALT_USE_DIRECT_DRIVERS -DALT_NO_INSTRUCTION_EMULATION -DALT_USE_SMALL_DRIVERS -DSMALL_C_LIB -DALT_SINGLE_THREADED    -Os -g -Wall   -mno-hw-div -mhw-mul -mno-hw-mulx -mgpopt=global  -o obj/default/main.o main.c
Info: Linking project_main.elf
nios2-elf-g++  -T'../project_main_bsp//linker.x' -msys-crt0='../project_main_bsp//obj/HAL/src/crt0.o' -msys-lib=hal_bsp -L../project_main_bsp/  -msmallc  -Wl,-Map=project_main.map   -Os -g -Wall   -mno-hw-div -mhw-mul -mno-hw-mulx -mgpopt=global  -o project_main.elf obj/default/main.o -lm -msys-lib=m
nios2-elf-insert project_main.elf --thread_model hal --cpu_name NIOS_PROC --qsys true --simulation_enabled false --stderr_dev UART_JTAG --stdin_dev UART_JTAG --stdout_dev UART_JTAG --sopc_system_name niosII_processor --quartus_project_dir "C:/Users/katja/Documents/ECE3073/Project" --jdi ../..//output_files/ece3073project.jdi --sopcinfo C:/Users/katja/Documents/ECE3073/Project/software/project_main_bsp/../../niosII_processor.sopcinfo
Info: (project_main.elf) 1320 Bytes program size (code + initialized data).
Info:                    32767 KBytes free for stack + heap.
Info: Creating project_main.objdump
nios2-elf-objdump --disassemble --syms --all-header --source project_main.elf >project_main.objdump
[project_main build complete]
17:01:48 **** Incremental Build of configuration Nios II for project project_main ****
make all 
Info: Building ../project_main_bsp/
C:/intelFPGA_lite/18.1/nios2eds/bin/gnu/H-x86_64-mingw32/bin/make --no-print-directory -C ../project_main_bsp/
[BSP build complete]
Info: Compiling main.c to obj/default/main.o
nios2-elf-gcc -xc -MP -MMD -c -I../project_main_bsp//HAL/inc -I../project_main_bsp/ -I../project_main_bsp//drivers/inc  -pipe -D__hal__ -DALT_NO_C_PLUS_PLUS -DALT_NO_CLEAN_EXIT -D'exit(a)=_exit(a)' -DALT_NO_EXIT -DALT_USE_DIRECT_DRIVERS -DALT_NO_INSTRUCTION_EMULATION -DALT_USE_SMALL_DRIVERS -DSMALL_C_LIB -DALT_SINGLE_THREADED    -Os -g -Wall   -mno-hw-div -mhw-mul -mno-hw-mulx -mgpopt=global  -o obj/default/main.o main.c
Info: Linking project_main.elf
nios2-elf-g++  -T'../project_main_bsp//linker.x' -msys-crt0='../project_main_bsp//obj/HAL/src/crt0.o' -msys-lib=hal_bsp -L../project_main_bsp/  -msmallc  -Wl,-Map=project_main.map   -Os -g -Wall   -mno-hw-div -mhw-mul -mno-hw-mulx -mgpopt=global  -o project_main.elf obj/default/main.o -lm -msys-lib=m
nios2-elf-insert project_main.elf --thread_model hal --cpu_name NIOS_PROC --qsys true --simulation_enabled false --stderr_dev UART_JTAG --stdin_dev UART_JTAG --stdout_dev UART_JTAG --sopc_system_name niosII_processor --quartus_project_dir "C:/Users/katja/Documents/ECE3073/Project" --jdi ../..//output_files/ece3073project.jdi --sopcinfo C:/Users/katja/Documents/ECE3073/Project/software/project_main_bsp/../../niosII_processor.sopcinfo
Info: (project_main.elf) 1316 Bytes program size (code + initialized data).
Info:                    32767 KBytes free for stack + heap.
Info: Creating project_main.objdump
nios2-elf-objdump --disassemble --syms --all-header --source project_main.elf >project_main.objdump
[project_main build complete]
17:02:34 **** Incremental Build of configuration Nios II for project project_main ****
make all 
Info: Building ../project_main_bsp/
C:/intelFPGA_lite/18.1/nios2eds/bin/gnu/H-x86_64-mingw32/bin/make --no-print-directory -C ../project_main_bsp/
[BSP build complete]
Info: Compiling main.c to obj/default/main.o
nios2-elf-gcc -xc -MP -MMD -c -I../project_main_bsp//HAL/inc -I../project_main_bsp/ -I../project_main_bsp//drivers/inc  -pipe -D__hal__ -DALT_NO_C_PLUS_PLUS -DALT_NO_CLEAN_EXIT -D'exit(a)=_exit(a)' -DALT_NO_EXIT -DALT_USE_DIRECT_DRIVERS -DALT_NO_INSTRUCTION_EMULATION -DALT_USE_SMALL_DRIVERS -DSMALL_C_LIB -DALT_SINGLE_THREADED    -Os -g -Wall   -mno-hw-div -mhw-mul -mno-hw-mulx -mgpopt=global  -o obj/default/main.o main.c
Info: Linking project_main.elf
nios2-elf-g++  -T'../project_main_bsp//linker.x' -msys-crt0='../project_main_bsp//obj/HAL/src/crt0.o' -msys-lib=hal_bsp -L../project_main_bsp/  -msmallc  -Wl,-Map=project_main.map   -Os -g -Wall   -mno-hw-div -mhw-mul -mno-hw-mulx -mgpopt=global  -o project_main.elf obj/default/main.o -lm -msys-lib=m
nios2-elf-insert project_main.elf --thread_model hal --cpu_name NIOS_PROC --qsys true --simulation_enabled false --stderr_dev UART_JTAG --stdin_dev UART_JTAG --stdout_dev UART_JTAG --sopc_system_name niosII_processor --quartus_project_dir "C:/Users/katja/Documents/ECE3073/Project" --jdi ../..//output_files/ece3073project.jdi --sopcinfo C:/Users/katja/Documents/ECE3073/Project/software/project_main_bsp/../../niosII_processor.sopcinfo
Info: (project_main.elf) 1320 Bytes program size (code + initialized data).
Info:                    32767 KBytes free for stack + heap.
Info: Creating project_main.objdump
nios2-elf-objdump --disassemble --syms --all-header --source project_main.elf >project_main.objdump
[project_main build complete]
17:03:12 **** Incremental Build of configuration Nios II for project project_main ****
make all 
Info: Building ../project_main_bsp/
C:/intelFPGA_lite/18.1/nios2eds/bin/gnu/H-x86_64-mingw32/bin/make --no-print-directory -C ../project_main_bsp/
[BSP build complete]
Info: Compiling main.c to obj/default/main.o
nios2-elf-gcc -xc -MP -MMD -c -I../project_main_bsp//HAL/inc -I../project_main_bsp/ -I../project_main_bsp//drivers/inc  -pipe -D__hal__ -DALT_NO_C_PLUS_PLUS -DALT_NO_CLEAN_EXIT -D'exit(a)=_exit(a)' -DALT_NO_EXIT -DALT_USE_DIRECT_DRIVERS -DALT_NO_INSTRUCTION_EMULATION -DALT_USE_SMALL_DRIVERS -DSMALL_C_LIB -DALT_SINGLE_THREADED    -Os -g -Wall   -mno-hw-div -mhw-mul -mno-hw-mulx -mgpopt=global  -o obj/default/main.o main.c
Info: Linking project_main.elf
nios2-elf-g++  -T'../project_main_bsp//linker.x' -msys-crt0='../project_main_bsp//obj/HAL/src/crt0.o' -msys-lib=hal_bsp -L../project_main_bsp/  -msmallc  -Wl,-Map=project_main.map   -Os -g -Wall   -mno-hw-div -mhw-mul -mno-hw-mulx -mgpopt=global  -o project_main.elf obj/default/main.o -lm -msys-lib=m
nios2-elf-insert project_main.elf --thread_model hal --cpu_name NIOS_PROC --qsys true --simulation_enabled false --stderr_dev UART_JTAG --stdin_dev UART_JTAG --stdout_dev UART_JTAG --sopc_system_name niosII_processor --quartus_project_dir "C:/Users/katja/Documents/ECE3073/Project" --jdi ../..//output_files/ece3073project.jdi --sopcinfo C:/Users/katja/Documents/ECE3073/Project/software/project_main_bsp/../../niosII_processor.sopcinfo
Info: (project_main.elf) 872 Bytes program size (code + initialized data).
Info:                    32767 KBytes free for stack + heap.
Info: Creating project_main.objdump
nios2-elf-objdump --disassemble --syms --all-header --source project_main.elf >project_main.objdump
[project_main build complete]
17:04:56 **** Incremental Build of configuration Nios II for project project_main ****
make all 
Info: Building ../project_main_bsp/
C:/intelFPGA_lite/18.1/nios2eds/bin/gnu/H-x86_64-mingw32/bin/make --no-print-directory -C ../project_main_bsp/
[BSP build complete]
[project_main build complete]
17:05:56 **** Incremental Build of configuration Nios II for project project_main ****
make all 
Info: Building ../project_main_bsp/
C:/intelFPGA_lite/18.1/nios2eds/bin/gnu/H-x86_64-mingw32/bin/make --no-print-directory -C ../project_main_bsp/
[BSP build complete]
Info: Compiling main.c to obj/default/main.o
nios2-elf-gcc -xc -MP -MMD -c -I../project_main_bsp//HAL/inc -I../project_main_bsp/ -I../project_main_bsp//drivers/inc  -pipe -D__hal__ -DALT_NO_C_PLUS_PLUS -DALT_NO_CLEAN_EXIT -D'exit(a)=_exit(a)' -DALT_NO_EXIT -DALT_USE_DIRECT_DRIVERS -DALT_NO_INSTRUCTION_EMULATION -DALT_USE_SMALL_DRIVERS -DSMALL_C_LIB -DALT_SINGLE_THREADED    -Os -g -Wall   -mno-hw-div -mhw-mul -mno-hw-mulx -mgpopt=global  -o obj/default/main.o main.c
main.c: In function 'main':
main.c:41:7: warning: variable 'data' set but not used [-Wunused-but-set-variable]
   int data;
       ^
Info: Linking project_main.elf
nios2-elf-g++  -T'../project_main_bsp//linker.x' -msys-crt0='../project_main_bsp//obj/HAL/src/crt0.o' -msys-lib=hal_bsp -L../project_main_bsp/  -msmallc  -Wl,-Map=project_main.map   -Os -g -Wall   -mno-hw-div -mhw-mul -mno-hw-mulx -mgpopt=global  -o project_main.elf obj/default/main.o -lm -msys-lib=m
nios2-elf-insert project_main.elf --thread_model hal --cpu_name NIOS_PROC --qsys true --simulation_enabled false --stderr_dev UART_JTAG --stdin_dev UART_JTAG --stdout_dev UART_JTAG --sopc_system_name niosII_processor --quartus_project_dir "C:/Users/katja/Documents/ECE3073/Project" --jdi ../..//output_files/ece3073project.jdi --sopcinfo C:/Users/katja/Documents/ECE3073/Project/software/project_main_bsp/../../niosII_processor.sopcinfo
Info: (project_main.elf) 872 Bytes program size (code + initialized data).
Info:                    32767 KBytes free for stack + heap.
Info: Creating project_main.objdump
nios2-elf-objdump --disassemble --syms --all-header --source project_main.elf >project_main.objdump
[project_main build complete]
17:06:57 **** Incremental Build of configuration Nios II for project project_main ****
make all 
Info: Building ../project_main_bsp/
C:/intelFPGA_lite/18.1/nios2eds/bin/gnu/H-x86_64-mingw32/bin/make --no-print-directory -C ../project_main_bsp/
[BSP build complete]
Info: Compiling main.c to obj/default/main.o
nios2-elf-gcc -xc -MP -MMD -c -I../project_main_bsp//HAL/inc -I../project_main_bsp/ -I../project_main_bsp//drivers/inc  -pipe -D__hal__ -DALT_NO_C_PLUS_PLUS -DALT_NO_CLEAN_EXIT -D'exit(a)=_exit(a)' -DALT_NO_EXIT -DALT_USE_DIRECT_DRIVERS -DALT_NO_INSTRUCTION_EMULATION -DALT_USE_SMALL_DRIVERS -DSMALL_C_LIB -DALT_SINGLE_THREADED    -Os -g -Wall   -mno-hw-div -mhw-mul -mno-hw-mulx -mgpopt=global  -o obj/default/main.o main.c
main.c: In function 'main':
main.c:41:7: warning: variable 'data' set but not used [-Wunused-but-set-variable]
   int data;
       ^
Info: Linking project_main.elf
nios2-elf-g++  -T'../project_main_bsp//linker.x' -msys-crt0='../project_main_bsp//obj/HAL/src/crt0.o' -msys-lib=hal_bsp -L../project_main_bsp/  -msmallc  -Wl,-Map=project_main.map   -Os -g -Wall   -mno-hw-div -mhw-mul -mno-hw-mulx -mgpopt=global  -o project_main.elf obj/default/main.o -lm -msys-lib=m
nios2-elf-insert project_main.elf --thread_model hal --cpu_name NIOS_PROC --qsys true --simulation_enabled false --stderr_dev UART_JTAG --stdin_dev UART_JTAG --stdout_dev UART_JTAG --sopc_system_name niosII_processor --quartus_project_dir "C:/Users/katja/Documents/ECE3073/Project" --jdi ../..//output_files/ece3073project.jdi --sopcinfo C:/Users/katja/Documents/ECE3073/Project/software/project_main_bsp/../../niosII_processor.sopcinfo
Info: (project_main.elf) 1340 Bytes program size (code + initialized data).
Info:                    32767 KBytes free for stack + heap.
Info: Creating project_main.objdump
nios2-elf-objdump --disassemble --syms --all-header --source project_main.elf >project_main.objdump
[project_main build complete]
17:08:25 **** Incremental Build of configuration Nios II for project project_main ****
make all 
Info: Building ../project_main_bsp/
C:/intelFPGA_lite/18.1/nios2eds/bin/gnu/H-x86_64-mingw32/bin/make --no-print-directory -C ../project_main_bsp/
[BSP build complete]
Info: Compiling main.c to obj/default/main.o
nios2-elf-gcc -xc -MP -MMD -c -I../project_main_bsp//HAL/inc -I../project_main_bsp/ -I../project_main_bsp//drivers/inc  -pipe -D__hal__ -DALT_NO_C_PLUS_PLUS -DALT_NO_CLEAN_EXIT -D'exit(a)=_exit(a)' -DALT_NO_EXIT -DALT_USE_DIRECT_DRIVERS -DALT_NO_INSTRUCTION_EMULATION -DALT_USE_SMALL_DRIVERS -DSMALL_C_LIB -DALT_SINGLE_THREADED    -Os -g -Wall   -mno-hw-div -mhw-mul -mno-hw-mulx -mgpopt=global  -o obj/default/main.o main.c
Info: Linking project_main.elf
nios2-elf-g++  -T'../project_main_bsp//linker.x' -msys-crt0='../project_main_bsp//obj/HAL/src/crt0.o' -msys-lib=hal_bsp -L../project_main_bsp/  -msmallc  -Wl,-Map=project_main.map   -Os -g -Wall   -mno-hw-div -mhw-mul -mno-hw-mulx -mgpopt=global  -o project_main.elf obj/default/main.o -lm -msys-lib=m
nios2-elf-insert project_main.elf --thread_model hal --cpu_name NIOS_PROC --qsys true --simulation_enabled false --stderr_dev UART_JTAG --stdin_dev UART_JTAG --stdout_dev UART_JTAG --sopc_system_name niosII_processor --quartus_project_dir "C:/Users/katja/Documents/ECE3073/Project" --jdi ../..//output_files/ece3073project.jdi --sopcinfo C:/Users/katja/Documents/ECE3073/Project/software/project_main_bsp/../../niosII_processor.sopcinfo
Info: (project_main.elf) 1804 Bytes program size (code + initialized data).
Info:                    32767 KBytes free for stack + heap.
Info: Creating project_main.objdump
nios2-elf-objdump --disassemble --syms --all-header --source project_main.elf >project_main.objdump
[project_main build complete]
17:09:34 **** Incremental Build of configuration Nios II for project project_main ****
make all 
Info: Building ../project_main_bsp/
C:/intelFPGA_lite/18.1/nios2eds/bin/gnu/H-x86_64-mingw32/bin/make --no-print-directory -C ../project_main_bsp/
[BSP build complete]
Info: Compiling main.c to obj/default/main.o
nios2-elf-gcc -xc -MP -MMD -c -I../project_main_bsp//HAL/inc -I../project_main_bsp/ -I../project_main_bsp//drivers/inc  -pipe -D__hal__ -DALT_NO_C_PLUS_PLUS -DALT_NO_CLEAN_EXIT -D'exit(a)=_exit(a)' -DALT_NO_EXIT -DALT_USE_DIRECT_DRIVERS -DALT_NO_INSTRUCTION_EMULATION -DALT_USE_SMALL_DRIVERS -DSMALL_C_LIB -DALT_SINGLE_THREADED    -Os -g -Wall   -mno-hw-div -mhw-mul -mno-hw-mulx -mgpopt=global  -o obj/default/main.o main.c
In file included from main.c:2:0:
main.c: In function 'main':
../project_main_bsp//HAL/inc/io.h:61:71: error: expected expression before ')' token
   __builtin_stwio (__IO_CALC_ADDRESS_DYNAMIC ((BASE), (OFFSET)), (DATA))
                                                                       ^
main.c:52:4: note: in expansion of macro 'IOWR_32DIRECT'
    IOWR_32DIRECT(PB_DATA_BASE,0,);
    ^
make: *** [obj/default/main.o] Error 1
17:10:25 **** Incremental Build of configuration Nios II for project project_main ****
make all 
Info: Building ../project_main_bsp/
C:/intelFPGA_lite/18.1/nios2eds/bin/gnu/H-x86_64-mingw32/bin/make --no-print-directory -C ../project_main_bsp/
[BSP build complete]
Info: Compiling main.c to obj/default/main.o
nios2-elf-gcc -xc -MP -MMD -c -I../project_main_bsp//HAL/inc -I../project_main_bsp/ -I../project_main_bsp//drivers/inc  -pipe -D__hal__ -DALT_NO_C_PLUS_PLUS -DALT_NO_CLEAN_EXIT -D'exit(a)=_exit(a)' -DALT_NO_EXIT -DALT_USE_DIRECT_DRIVERS -DALT_NO_INSTRUCTION_EMULATION -DALT_USE_SMALL_DRIVERS -DSMALL_C_LIB -DALT_SINGLE_THREADED    -Os -g -Wall   -mno-hw-div -mhw-mul -mno-hw-mulx -mgpopt=global  -o obj/default/main.o main.c
In file included from main.c:2:0:
main.c: In function 'main':
../project_main_bsp//HAL/inc/io.h:61:71: error: expected expression before ')' token
   __builtin_stwio (__IO_CALC_ADDRESS_DYNAMIC ((BASE), (OFFSET)), (DATA))
                                                                       ^
main.c:52:4: note: in expansion of macro 'IOWR_32DIRECT'
    IOWR_32DIRECT(PB_DATA_BASE,0,);
    ^
make: *** [obj/default/main.o] Error 1
17:10:28 **** Incremental Build of configuration Nios II for project project_main_bsp ****
make all 
[BSP build complete]
17:10:30 **** Incremental Build of configuration Nios II for project project_main ****
make all 
Info: Building ../project_main_bsp/
C:/intelFPGA_lite/18.1/nios2eds/bin/gnu/H-x86_64-mingw32/bin/make --no-print-directory -C ../project_main_bsp/
[BSP build complete]
Info: Compiling main.c to obj/default/main.o
nios2-elf-gcc -xc -MP -MMD -c -I../project_main_bsp//HAL/inc -I../project_main_bsp/ -I../project_main_bsp//drivers/inc  -pipe -D__hal__ -DALT_NO_C_PLUS_PLUS -DALT_NO_CLEAN_EXIT -D'exit(a)=_exit(a)' -DALT_NO_EXIT -DALT_USE_DIRECT_DRIVERS -DALT_NO_INSTRUCTION_EMULATION -DALT_USE_SMALL_DRIVERS -DSMALL_C_LIB -DALT_SINGLE_THREADED    -Os -g -Wall   -mno-hw-div -mhw-mul -mno-hw-mulx -mgpopt=global  -o obj/default/main.o main.c
In file included from main.c:2:0:
main.c: In function 'main':
../project_main_bsp//HAL/inc/io.h:61:71: error: expected expression before ')' token
   __builtin_stwio (__IO_CALC_ADDRESS_DYNAMIC ((BASE), (OFFSET)), (DATA))
                                                                       ^
main.c:52:4: note: in expansion of macro 'IOWR_32DIRECT'
    IOWR_32DIRECT(PB_DATA_BASE,0,);
    ^
make: *** [obj/default/main.o] Error 1
17:10:55 **** Incremental Build of configuration Nios II for project project_main ****
make all 
Info: Building ../project_main_bsp/
C:/intelFPGA_lite/18.1/nios2eds/bin/gnu/H-x86_64-mingw32/bin/make --no-print-directory -C ../project_main_bsp/
[BSP build complete]
Info: Compiling main.c to obj/default/main.o
nios2-elf-gcc -xc -MP -MMD -c -I../project_main_bsp//HAL/inc -I../project_main_bsp/ -I../project_main_bsp//drivers/inc  -pipe -D__hal__ -DALT_NO_C_PLUS_PLUS -DALT_NO_CLEAN_EXIT -D'exit(a)=_exit(a)' -DALT_NO_EXIT -DALT_USE_DIRECT_DRIVERS -DALT_NO_INSTRUCTION_EMULATION -DALT_USE_SMALL_DRIVERS -DSMALL_C_LIB -DALT_SINGLE_THREADED    -Os -g -Wall   -mno-hw-div -mhw-mul -mno-hw-mulx -mgpopt=global  -o obj/default/main.o main.c
Info: Linking project_main.elf
nios2-elf-g++  -T'../project_main_bsp//linker.x' -msys-crt0='../project_main_bsp//obj/HAL/src/crt0.o' -msys-lib=hal_bsp -L../project_main_bsp/  -msmallc  -Wl,-Map=project_main.map   -Os -g -Wall   -mno-hw-div -mhw-mul -mno-hw-mulx -mgpopt=global  -o project_main.elf obj/default/main.o -lm -msys-lib=m
nios2-elf-insert project_main.elf --thread_model hal --cpu_name NIOS_PROC --qsys true --simulation_enabled false --stderr_dev UART_JTAG --stdin_dev UART_JTAG --stdout_dev UART_JTAG --sopc_system_name niosII_processor --quartus_project_dir "C:/Users/katja/Documents/ECE3073/Project" --jdi ../..//output_files/ece3073project.jdi --sopcinfo C:/Users/katja/Documents/ECE3073/Project/software/project_main_bsp/../../niosII_processor.sopcinfo
Info: (project_main.elf) 1372 Bytes program size (code + initialized data).
Info:                    32767 KBytes free for stack + heap.
Info: Creating project_main.objdump
nios2-elf-objdump --disassemble --syms --all-header --source project_main.elf >project_main.objdump
[project_main build complete]
17:11:35 **** Incremental Build of configuration Nios II for project project_main ****
make all 
Info: Building ../project_main_bsp/
C:/intelFPGA_lite/18.1/nios2eds/bin/gnu/H-x86_64-mingw32/bin/make --no-print-directory -C ../project_main_bsp/
[BSP build complete]
Info: Compiling main.c to obj/default/main.o
nios2-elf-gcc -xc -MP -MMD -c -I../project_main_bsp//HAL/inc -I../project_main_bsp/ -I../project_main_bsp//drivers/inc  -pipe -D__hal__ -DALT_NO_C_PLUS_PLUS -DALT_NO_CLEAN_EXIT -D'exit(a)=_exit(a)' -DALT_NO_EXIT -DALT_USE_DIRECT_DRIVERS -DALT_NO_INSTRUCTION_EMULATION -DALT_USE_SMALL_DRIVERS -DSMALL_C_LIB -DALT_SINGLE_THREADED    -Os -g -Wall   -mno-hw-div -mhw-mul -mno-hw-mulx -mgpopt=global  -o obj/default/main.o main.c
Info: Linking project_main.elf
nios2-elf-g++  -T'../project_main_bsp//linker.x' -msys-crt0='../project_main_bsp//obj/HAL/src/crt0.o' -msys-lib=hal_bsp -L../project_main_bsp/  -msmallc  -Wl,-Map=project_main.map   -Os -g -Wall   -mno-hw-div -mhw-mul -mno-hw-mulx -mgpopt=global  -o project_main.elf obj/default/main.o -lm -msys-lib=m
nios2-elf-insert project_main.elf --thread_model hal --cpu_name NIOS_PROC --qsys true --simulation_enabled false --stderr_dev UART_JTAG --stdin_dev UART_JTAG --stdout_dev UART_JTAG --sopc_system_name niosII_processor --quartus_project_dir "C:/Users/katja/Documents/ECE3073/Project" --jdi ../..//output_files/ece3073project.jdi --sopcinfo C:/Users/katja/Documents/ECE3073/Project/software/project_main_bsp/../../niosII_processor.sopcinfo
Info: (project_main.elf) 880 Bytes program size (code + initialized data).
Info:                    32767 KBytes free for stack + heap.
Info: Creating project_main.objdump
nios2-elf-objdump --disassemble --syms --all-header --source project_main.elf >project_main.objdump
[project_main build complete]
17:42:29 **** Incremental Build of configuration Nios II for project project_main ****
make all 
Info: Building ../project_main_bsp/
C:/intelFPGA_lite/18.1/nios2eds/bin/gnu/H-x86_64-mingw32/bin/make --no-print-directory -C ../project_main_bsp/
[BSP build complete]
Info: Compiling exception_handler.c to obj/default/exception_handler.o
nios2-elf-gcc -xc -MP -MMD -c -I../project_main_bsp//HAL/inc -I../project_main_bsp/ -I../project_main_bsp//drivers/inc  -pipe -D__hal__ -DALT_NO_C_PLUS_PLUS -DALT_NO_CLEAN_EXIT -D'exit(a)=_exit(a)' -DALT_NO_EXIT -DALT_USE_DIRECT_DRIVERS -DALT_NO_INSTRUCTION_EMULATION -DALT_USE_SMALL_DRIVERS -DSMALL_C_LIB -DALT_SINGLE_THREADED    -Os -g -Wall   -mno-hw-div -mhw-mul -mno-hw-mulx -mgpopt=global  -o obj/default/exception_handler.o exception_handler.c
Info: Compiling main.c to obj/default/main.o
nios2-elf-gcc -xc -MP -MMD -c -I../project_main_bsp//HAL/inc -I../project_main_bsp/ -I../project_main_bsp//drivers/inc  -pipe -D__hal__ -DALT_NO_C_PLUS_PLUS -DALT_NO_CLEAN_EXIT -D'exit(a)=_exit(a)' -DALT_NO_EXIT -DALT_USE_DIRECT_DRIVERS -DALT_NO_INSTRUCTION_EMULATION -DALT_USE_SMALL_DRIVERS -DSMALL_C_LIB -DALT_SINGLE_THREADED    -Os -g -Wall   -mno-hw-div -mhw-mul -mno-hw-mulx -mgpopt=global  -o obj/default/main.o main.c
Info: Linking project_main.elf
nios2-elf-g++  -T'../project_main_bsp//linker.x' -msys-crt0='../project_main_bsp//obj/HAL/src/crt0.o' -msys-lib=hal_bsp -L../project_main_bsp/  -msmallc  -Wl,-Map=project_main.map   -Os -g -Wall   -mno-hw-div -mhw-mul -mno-hw-mulx -mgpopt=global  -o project_main.elf obj/default/exception_handler.o obj/default/main.o -lm -msys-lib=m
c:/intelfpga_lite/18.1/nios2eds/bin/gnu/h-x86_64-mingw32/bin/../lib/gcc/nios2-elf/5.3.0/../../../../../H-x86_64-mingw32/nios2-elf/bin/ld.exe: section .reset loaded at [0000000004040480,000000000404048f] overlaps section .rodata loaded at [0000000004040480,00000000040404a3]
obj/default/exception_handler.o: In function `interrupt_handler':
C:\Users\katja\Documents\ECE3073\Project\software\project_main/exception_handler.c:143: undefined reference to `FLAG_ADDR'
C:\Users\katja\Documents\ECE3073\Project\software\project_main/exception_handler.c:146: undefined reference to `LEDARRAY_ADDR'
C:\Users\katja\Documents\ECE3073\Project\software\project_main/exception_handler.c:145: undefined reference to `ledValue'
C:\Users\katja\Documents\ECE3073\Project\software\project_main/exception_handler.c:145: undefined reference to `ledValue'
collect2.exe: error: ld returned 1 exit status
make: *** [project_main.elf] Error 1
17:43:08 **** Incremental Build of configuration Nios II for project project_main ****
make all 
Info: Building ../project_main_bsp/
C:/intelFPGA_lite/18.1/nios2eds/bin/gnu/H-x86_64-mingw32/bin/make --no-print-directory -C ../project_main_bsp/
[BSP build complete]
Info: Compiling exception_handler.c to obj/default/exception_handler.o
nios2-elf-gcc -xc -MP -MMD -c -I../project_main_bsp//HAL/inc -I../project_main_bsp/ -I../project_main_bsp//drivers/inc  -pipe -D__hal__ -DALT_NO_C_PLUS_PLUS -DALT_NO_CLEAN_EXIT -D'exit(a)=_exit(a)' -DALT_NO_EXIT -DALT_USE_DIRECT_DRIVERS -DALT_NO_INSTRUCTION_EMULATION -DALT_USE_SMALL_DRIVERS -DSMALL_C_LIB -DALT_SINGLE_THREADED    -Os -g -Wall   -mno-hw-div -mhw-mul -mno-hw-mulx -mgpopt=global  -o obj/default/exception_handler.o exception_handler.c
Info: Linking project_main.elf
nios2-elf-g++  -T'../project_main_bsp//linker.x' -msys-crt0='../project_main_bsp//obj/HAL/src/crt0.o' -msys-lib=hal_bsp -L../project_main_bsp/  -msmallc  -Wl,-Map=project_main.map   -Os -g -Wall   -mno-hw-div -mhw-mul -mno-hw-mulx -mgpopt=global  -o project_main.elf obj/default/exception_handler.o obj/default/main.o -lm -msys-lib=m
c:/intelfpga_lite/18.1/nios2eds/bin/gnu/h-x86_64-mingw32/bin/../lib/gcc/nios2-elf/5.3.0/../../../../../H-x86_64-mingw32/nios2-elf/bin/ld.exe: section .reset loaded at [0000000004040454,0000000004040463] overlaps section .rodata loaded at [0000000004040454,0000000004040477]
collect2.exe: error: ld returned 1 exit status
make: *** [project_main.elf] Error 1
17:43:49 **** Incremental Build of configuration Nios II for project project_main ****
make all 
Info: Building ../project_main_bsp/
C:/intelFPGA_lite/18.1/nios2eds/bin/gnu/H-x86_64-mingw32/bin/make --no-print-directory -C ../project_main_bsp/
[BSP build complete]
Info: Linking project_main.elf
nios2-elf-g++  -T'../project_main_bsp//linker.x' -msys-crt0='../project_main_bsp//obj/HAL/src/crt0.o' -msys-lib=hal_bsp -L../project_main_bsp/  -msmallc  -Wl,-Map=project_main.map   -Os -g -Wall   -mno-hw-div -mhw-mul -mno-hw-mulx -mgpopt=global  -o project_main.elf obj/default/main.o -lm -msys-lib=m
nios2-elf-insert project_main.elf --thread_model hal --cpu_name NIOS_PROC --qsys true --simulation_enabled false --stderr_dev UART_JTAG --stdin_dev UART_JTAG --stdout_dev UART_JTAG --sopc_system_name niosII_processor --quartus_project_dir "C:/Users/katja/Documents/ECE3073/Project" --jdi ../..//output_files/ece3073project.jdi --sopcinfo C:/Users/katja/Documents/ECE3073/Project/software/project_main_bsp/../../niosII_processor.sopcinfo
Info: (project_main.elf) 880 Bytes program size (code + initialized data).
Info:                    32767 KBytes free for stack + heap.
Info: Creating project_main.objdump
nios2-elf-objdump --disassemble --syms --all-header --source project_main.elf >project_main.objdump
[project_main build complete]
17:48:44 **** Incremental Build of configuration Nios II for project project_main ****
make all 
Info: Building ../project_main_bsp/
C:/intelFPGA_lite/18.1/nios2eds/bin/gnu/H-x86_64-mingw32/bin/make --no-print-directory -C ../project_main_bsp/
[BSP build complete]
[project_main build complete]
