18:52:42 **** Incremental Build of configuration Nios II for project project_main ****
make all 
Info: Building ../project_main_bsp/
C:/intelFPGA_lite/18.1/nios2eds/bin/gnu/H-x86_64-mingw32/bin/make --no-print-directory -C ../project_main_bsp/
[BSP build complete]
Info: Compiling main.c to obj/default/main.o
nios2-elf-gcc -xc -MP -MMD -c -I../project_main_bsp//HAL/inc -I../project_main_bsp/ -I../project_main_bsp//drivers/inc  -pipe -D__hal__ -DALT_NO_C_PLUS_PLUS -DALT_NO_CLEAN_EXIT -D'exit(a)=_exit(a)' -DALT_NO_EXIT -DALT_USE_DIRECT_DRIVERS -DALT_NO_INSTRUCTION_EMULATION -DALT_USE_SMALL_DRIVERS -DSMALL_C_LIB -DALT_SINGLE_THREADED    -Os -g -Wall   -mno-hw-div -mhw-mul -mno-hw-mulx -mgpopt=global  -o obj/default/main.o main.c
In file included from main.c:3:0:
../project_main_bsp/system.h:158:21: warning: initialization makes pointer from integer without a cast [-Wint-conversion]
 #define KEY_IN_BASE 0x4081050
                     ^
main.c:18:21: note: in expansion of macro 'KEY_IN_BASE'
 int * key_in_base = KEY_IN_BASE;
                     ^
main.c: In function 'init_button_pio':
main.c:133:5: warning: passing argument 3 of 'alt_ic_isr_register' from incompatible pointer type [-Wincompatible-pointer-types]
     KEY_IN_ISR,
     ^
In file included from main.c:6:0:
../project_main_bsp//HAL/inc/sys/alt_irq.h:195:12: note: expected 'alt_isr_func {aka void (*)(void *)}' but argument is of type 'void (*)(void *, alt_u32) {aka void (*)(void *, long unsigned int)}'
 extern int alt_ic_isr_register(alt_u32 ic_id,
            ^
Info: Linking project_main.elf
nios2-elf-g++  -T'../project_main_bsp//linker.x' -msys-crt0='../project_main_bsp//obj/HAL/src/crt0.o' -msys-lib=hal_bsp -L../project_main_bsp/  -msmallc  -Wl,-Map=project_main.map   -Os -g -Wall   -mno-hw-div -mhw-mul -mno-hw-mulx -mgpopt=global  -o project_main.elf obj/default/main.o -lm -msys-lib=m
nios2-elf-insert project_main.elf --thread_model hal --cpu_name NIOS_PROC --qsys true --simulation_enabled false --stderr_dev UART_JTAG --stdin_dev UART_JTAG --stdout_dev UART_JTAG --sopc_system_name niosII_processor --quartus_project_dir "C:/Users/katja/Documents/ECE3073/Project" --jdi ../..//output_files/ece3073project.jdi --sopcinfo C:/Users/katja/Documents/ECE3073/Project/software/project_main_bsp/../../niosII_processor.sopcinfo
Info: (project_main.elf) 2868 Bytes program size (code + initialized data).
Info:                    32767 KBytes free for stack + heap.
Info: Creating project_main.objdump
nios2-elf-objdump --disassemble --syms --all-header --source project_main.elf >project_main.objdump
[project_main build complete]

18:52:45 Build Finished (took 3s.220ms)

